<?xml version="1.0" encoding="UTF-8"?>
<!-- Generated by org.testng.reporters.JUnitXMLReporter -->
<testsuite ignored="0" hostname="MSI" failures="0" tests="7" name="Default test" time="30.273" errors="0" timestamp="2023-05-18T20:45:44 IST">
  <testcase classname="com.TestCases.OrangeHRMApplicationTest" name="validatingOrangeHRMApplicationLogInPageTest" time="0.045"/>
  <testcase classname="com.TestCases.OrangeHRMApplicationTest" name="validatingLogInTest" time="0.949"/>
  <testcase classname="com.TestCases.OrangeHRMApplicationTest" name="validationOrangeHRMApplicationHomePageTest" time="0.025"/>
  <testcase classname="com.TestCases.OrangeHRMApplicationTest" name="validatingPIMTest" time="0.153"/>
  <testcase classname="com.TestCases.OrangeHRMApplicationTest" name="validatingAddEmployeeTest" time="0.454"/>
  <testcase classname="com.TestCases.OrangeHRMApplicationTest" name="addNewEmployeeTest" time="16.136"/>
  <testcase classname="com.TestCases.OrangeHRMApplicationTest" name="logOutTest" time="10.429"/>
</testsuite> <!-- Default test -->
