<?xml version="1.0" encoding="UTF-8"?>
<!-- Generated by org.testng.reporters.JUnitXMLReporter -->
<testsuite ignored="0" hostname="MSI" failures="0" tests="11" name="Default test" time="34.993" errors="0" timestamp="2023-05-28T11:13:17 IST">
  <testcase classname="com.OrangeHRMApplicationWebPagesTests.OrangeHRMHomePageTest" name="validatingLogInPageTextTest" time="0.065"/>
  <testcase classname="com.OrangeHRMApplicationWebPagesTests.OrangeHRMHomePageTest" name="validatingLogInTest" time="0.997"/>
  <testcase classname="com.OrangeHRMApplicationWebPagesTests.OrangeHRMHomePageTest" name="validatingHomePageAdminTest" time="1.659"/>
  <testcase classname="com.OrangeHRMApplicationWebPagesTests.OrangeHRMHomePageTest" name="validatingHomePagePimTest" time="1.786"/>
  <testcase classname="com.OrangeHRMApplicationWebPagesTests.OrangeHRMHomePageTest" name="validatingHomePageLeaveTest" time="1.636"/>
  <testcase classname="com.OrangeHRMApplicationWebPagesTests.OrangeHRMHomePageTest" name="validatingHomePageTimeTest" time="1.609"/>
  <testcase classname="com.OrangeHRMApplicationWebPagesTests.OrangeHRMHomePageTest" name="validatingHomePageRecruitmentTest" time="1.753"/>
  <testcase classname="com.OrangeHRMApplicationWebPagesTests.OrangeHRMHomePageTest" name="validatingHomePagePerformanceTest" time="1.066"/>
  <testcase classname="com.OrangeHRMApplicationWebPagesTests.OrangeHRMHomePageTest" name="validatingHomePageDashboardTest" time="1.436"/>
  <testcase classname="com.OrangeHRMApplicationWebPagesTests.OrangeHRMHomePageTest" name="validatingHomePageDirectoryTest" time="5.183"/>
  <testcase classname="com.OrangeHRMApplicationWebPagesTests.OrangeHRMHomePageTest" name="validatingHomePageMaintenanceTest" time="1.406"/>
</testsuite> <!-- Default test -->
