<?xml version="1.0" encoding="UTF-8"?>
<testng-results ignored="0" total="1" passed="1" failed="0" skipped="0">
  <reporter-output>
  </reporter-output>
  <suite started-at="2023-05-24T17:13:09 IST" name="Default suite" finished-at="2023-05-24T17:13:24 IST" duration-ms="14907">
    <groups>
    </groups>
    <test started-at="2023-05-24T17:13:09 IST" name="Default test" finished-at="2023-05-24T17:13:24 IST" duration-ms="14907">
      <class name="com.Rediff.FullName">
        <test-method is-config="true" signature="setUp()[pri:0, instance:com.Rediff.FullName@446293d]" started-at="2023-05-24T17:13:09 IST" name="setUp" finished-at="2023-05-24T17:13:13 IST" duration-ms="4580" status="PASS">
          <reporter-output>
          </reporter-output>
        </test-method> <!-- setUp -->
        <test-method signature="fullNameTest()[pri:0, instance:com.Rediff.FullName@446293d]" started-at="2023-05-24T17:13:13 IST" name="fullNameTest" finished-at="2023-05-24T17:13:23 IST" duration-ms="10119" status="PASS">
          <reporter-output>
          </reporter-output>
        </test-method> <!-- fullNameTest -->
        <test-method is-config="true" signature="tearDown()[pri:0, instance:com.Rediff.FullName@446293d]" started-at="2023-05-24T17:13:23 IST" name="tearDown" finished-at="2023-05-24T17:13:24 IST" duration-ms="182" status="PASS">
          <reporter-output>
          </reporter-output>
        </test-method> <!-- tearDown -->
      </class> <!-- com.Rediff.FullName -->
    </test> <!-- Default test -->
  </suite> <!-- Default suite -->
</testng-results>
